<?xml version="1.0" encoding="UTF-8"?>
<!-- Generated by org.testng.reporters.JUnitXMLReporter -->
<testsuite hostname="Newt-Rnt09" name="TC_03" tests="1" failures="1" timestamp="28 Mar 2016 06:06:34 GMT" time="110.003" errors="0">
  <testcase name="DO" time="45.169" classname="com.newt.selenium.modules.GmailLoginThreetest">
    <failure type="java.lang.Exception" message="Error occured while launching the url -   org.openqa.selenium.WebDriverException: f.QueryInterface is not a function
Command duration or timeout: 30.08 seconds
Build info: version: &amp;apos;2.49.0&amp;apos;, revision: &amp;apos;365eeb4&amp;apos;, time: &amp;apos;2016-01-13 18:37:00&amp;apos;
System info: host: &amp;apos;Newt-Rnt09&amp;apos;, ip: &amp;apos;192.168.1.43&amp;apos;, os.name: &amp;apos;Windows 7&amp;apos;, os.arch: &amp;apos;amd64&amp;apos;, os.version: &amp;apos;6.1&amp;apos;, java.version: &amp;apos;1.8.0_65&amp;apos;
Driver info: org.openqa.selenium.firefox.FirefoxDriver
Capabilities [{applicationCacheEnabled=true, rotatable=false, handlesAlerts=true, databaseEnabled=true, version=44.0, platform=WINDOWS, nativeEvents=false, acceptSslCerts=true, webStorageEnabled=true, locationContextEnabled=true, browserName=firefox, takesScreenshot=true, javascriptEnabled=true, cssSelectorsEnabled=true}]
Session ID: 122d6dcb-4cbc-4923-b5f3-27bf3355bbf2">
      <![CDATA[java.lang.Exception: Error occured while launching the url -   org.openqa.selenium.WebDriverException: f.QueryInterface is not a function
Command duration or timeout: 30.08 seconds
Build info: version: '2.49.0', revision: '365eeb4', time: '2016-01-13 18:37:00'
System info: host: 'Newt-Rnt09', ip: '192.168.1.43', os.name: 'Windows 7', os.arch: 'amd64', os.version: '6.1', java.version: '1.8.0_65'
Driver info: org.openqa.selenium.firefox.FirefoxDriver
Capabilities [{applicationCacheEnabled=true, rotatable=false, handlesAlerts=true, databaseEnabled=true, version=44.0, platform=WINDOWS, nativeEvents=false, acceptSslCerts=true, webStorageEnabled=true, locationContextEnabled=true, browserName=firefox, takesScreenshot=true, javascriptEnabled=true, cssSelectorsEnabled=true}]
Session ID: 122d6dcb-4cbc-4923-b5f3-27bf3355bbf2
	at com.newt.selenium.utlis.HelperUtility.LaunchUrl(HelperUtility.java:151)
	at com.newt.selenium.modules.GmailLoginThreetest.DO(GmailLoginThreetest.java:65)
	at java.util.concurrent.FutureTask.run(FutureTask.java:266)
	at java.util.concurrent.ThreadPoolExecutor.runWorker(ThreadPoolExecutor.java:1142)
	at java.util.concurrent.ThreadPoolExecutor$Worker.run(ThreadPoolExecutor.java:617)
	at java.lang.Thread.run(Thread.java:745)
... Removed 16 stack frames]]>
    </failure>
  </testcase> <!-- DO -->
</testsuite> <!-- TC_03 -->
