<?xml version="1.0" encoding="UTF-8"?>
<!-- Generated by org.testng.reporters.JUnitXMLReporter -->
<testsuite hostname="Newt-Rnt09" name="Command line test" tests="5" failures="0" timestamp="22 Mar 2016 07:25:04 GMT" time="482.813" errors="0">
  <testcase name="DO" time="73.259" classname="com.newt.selenium.modules.GmailLoginFiveTest"/>
  <testcase name="DO" time="39.673" classname="com.newt.selenium.modules.GmailLoginFourTest"/>
  <testcase name="DO" time="35.031" classname="com.newt.selenium.modules.GmailLoginTest"/>
  <testcase name="DO" time="34.896" classname="com.newt.selenium.modules.GmailLoginThreeTest"/>
  <testcase name="DO" time="178.425" classname="com.newt.selenium.modules.GmailLoginTwoTest"/>
</testsuite> <!-- Command line test -->
