<?xml version="1.0" encoding="UTF-8"?>
<testng-results skipped="0" failed="0" total="5" passed="5">
  <reporter-output>
    <line>
      <![CDATA[Gmail :: URL launch successfull...]]>
    </line>
    <line>
      <![CDATA[Going to log in into the application]]>
    </line>
    <line>
      <![CDATA[Data  'newtdemo' entered sucessfully in the edit box]]>
    </line>
    <line>
      <![CDATA[Data  'Newtglobal@123' entered sucessfully in the edit box]]>
    </line>
    <line>
      <![CDATA[Gmail :: URL launch successfull...]]>
    </line>
    <line>
      <![CDATA[Going to log in into the application]]>
    </line>
    <line>
      <![CDATA[Data  'newtdemo' entered sucessfully in the edit box]]>
    </line>
    <line>
      <![CDATA[Data  'Newtglobal@123' entered sucessfully in the edit box]]>
    </line>
    <line>
      <![CDATA[Gmail :: URL launch successfull...]]>
    </line>
    <line>
      <![CDATA[Going to log in into the application]]>
    </line>
    <line>
      <![CDATA[Data  'newtdemo' entered sucessfully in the edit box]]>
    </line>
    <line>
      <![CDATA[Data  'Newtglobal@123' entered sucessfully in the edit box]]>
    </line>
    <line>
      <![CDATA[Logout Image - having xpath '//span[@class='gb_Za gbii']'  click failed  - org.openqa.selenium.NoSuchElementException: Unable to locate element: {"method":"xpath","selector":"//span[@class='gb_Za gbii']"}
Command duration or timeout: 10.69 seconds
For documentation on this error, please visit: http://seleniumhq.org/exceptions/no_such_element.html
Build info: version: '2.48.0', revision: 'b7b081a4f1289f17e8ecd38bc67e137c2a12e34a', time: '2015-10-07 09:50:14'
System info: host: 'Newt-Rnt09', ip: '192.168.1.43', os.name: 'Windows 7', os.arch: 'amd64', os.version: '6.1', java.version: '1.8.0_65'
Driver info: org.openqa.selenium.firefox.FirefoxDriver
Capabilities [{applicationCacheEnabled=true, rotatable=false, handlesAlerts=true, databaseEnabled=true, version=44.0, platform=WINDOWS, nativeEvents=false, acceptSslCerts=true, webStorageEnabled=true, locationContextEnabled=true, browserName=firefox, takesScreenshot=true, javascriptEnabled=true, cssSelectorsEnabled=true}]
Session ID: 2ce89f86-2a43-4a78-aaf8-c9759bcee757
*** Element info: {Using=xpath, value=//span[@class='gb_Za gbii']}]]>
    </line>
    <line>
      <![CDATA[Gmail :: URL launch successfull...]]>
    </line>
    <line>
      <![CDATA[Going to log in into the application]]>
    </line>
    <line>
      <![CDATA[Data  'newtdemo' entered sucessfully in the edit box]]>
    </line>
    <line>
      <![CDATA[Data  'Newtglobal@123' entered sucessfully in the edit box]]>
    </line>
    <line>
      <![CDATA[Gmail :: URL launch successfull...]]>
    </line>
    <line>
      <![CDATA[Going to log in into the application]]>
    </line>
    <line>
      <![CDATA[Sign Out Button - having xpath '//a[text()='Sign out']'  click failed  - org.openqa.selenium.ElementNotVisibleException: Element is not currently visible and so may not be interacted with
Command duration or timeout: 10.06 seconds
Build info: version: '2.48.0', revision: 'b7b081a4f1289f17e8ecd38bc67e137c2a12e34a', time: '2015-10-07 09:50:14'
System info: host: 'Newt-Rnt09', ip: '192.168.1.43', os.name: 'Windows 7', os.arch: 'amd64', os.version: '6.1', java.version: '1.8.0_65'
Driver info: org.openqa.selenium.firefox.FirefoxDriver
Capabilities [{applicationCacheEnabled=true, rotatable=false, handlesAlerts=true, databaseEnabled=true, version=44.0, platform=WINDOWS, nativeEvents=false, acceptSslCerts=true, webStorageEnabled=true, locationContextEnabled=true, browserName=firefox, takesScreenshot=true, javascriptEnabled=true, cssSelectorsEnabled=true}]
Session ID: 2ce89f86-2a43-4a78-aaf8-c9759bcee757]]>
    </line>
    <line>
      <![CDATA[Gmail :: App Logout () ::  Logout Successfull...]]>
    </line>
    <line>
      <![CDATA[Data  'newtdemo' entered sucessfully in the edit box]]>
    </line>
    <line>
      <![CDATA[Logout Image - having xpath '//span[@class='gb_Za gbii']'  click failed  - org.openqa.selenium.NoSuchElementException: Unable to locate element: {"method":"xpath","selector":"//span[@class='gb_Za gbii']"}
Command duration or timeout: 10.93 seconds
For documentation on this error, please visit: http://seleniumhq.org/exceptions/no_such_element.html
Build info: version: '2.48.0', revision: 'b7b081a4f1289f17e8ecd38bc67e137c2a12e34a', time: '2015-10-07 09:50:14'
System info: host: 'Newt-Rnt09', ip: '192.168.1.43', os.name: 'Windows 7', os.arch: 'amd64', os.version: '6.1', java.version: '1.8.0_65'
Driver info: org.openqa.selenium.firefox.FirefoxDriver
Capabilities [{applicationCacheEnabled=true, rotatable=false, handlesAlerts=true, databaseEnabled=true, version=44.0, platform=WINDOWS, nativeEvents=false, acceptSslCerts=true, webStorageEnabled=true, locationContextEnabled=true, browserName=firefox, takesScreenshot=true, javascriptEnabled=true, cssSelectorsEnabled=true}]
Session ID: 5d9cc15f-e61c-407e-8bdd-17712309675c
*** Element info: {Using=xpath, value=//span[@class='gb_Za gbii']}]]>
    </line>
    <line>
      <![CDATA[Data  'Newtglobal@123' entered sucessfully in the edit box]]>
    </line>
    <line>
      <![CDATA[Logout Image - having xpath '//span[@class='gb_Za gbii']'  click failed  - org.openqa.selenium.NoSuchElementException: Unable to locate element: {"method":"xpath","selector":"//span[@class='gb_Za gbii']"}
Command duration or timeout: 11.08 seconds
For documentation on this error, please visit: http://seleniumhq.org/exceptions/no_such_element.html
Build info: version: '2.48.0', revision: 'b7b081a4f1289f17e8ecd38bc67e137c2a12e34a', time: '2015-10-07 09:50:14'
System info: host: 'Newt-Rnt09', ip: '192.168.1.43', os.name: 'Windows 7', os.arch: 'amd64', os.version: '6.1', java.version: '1.8.0_65'
Driver info: org.openqa.selenium.firefox.FirefoxDriver
Capabilities [{applicationCacheEnabled=true, rotatable=false, handlesAlerts=true, databaseEnabled=true, version=44.0, platform=WINDOWS, nativeEvents=false, acceptSslCerts=true, webStorageEnabled=true, locationContextEnabled=true, browserName=firefox, takesScreenshot=true, javascriptEnabled=true, cssSelectorsEnabled=true}]
Session ID: 85204a9c-b055-47ff-b365-b7fa25d76371
*** Element info: {Using=xpath, value=//span[@class='gb_Za gbii']}]]>
    </line>
    <line>
      <![CDATA[Sign Out Button - having xpath '//a[text()='Sign out']'  click failed  - org.openqa.selenium.ElementNotVisibleException: Element is not currently visible and so may not be interacted with
Command duration or timeout: 10.10 seconds
Build info: version: '2.48.0', revision: 'b7b081a4f1289f17e8ecd38bc67e137c2a12e34a', time: '2015-10-07 09:50:14'
System info: host: 'Newt-Rnt09', ip: '192.168.1.43', os.name: 'Windows 7', os.arch: 'amd64', os.version: '6.1', java.version: '1.8.0_65'
Driver info: org.openqa.selenium.firefox.FirefoxDriver
Capabilities [{applicationCacheEnabled=true, rotatable=false, handlesAlerts=true, databaseEnabled=true, version=44.0, platform=WINDOWS, nativeEvents=false, acceptSslCerts=true, webStorageEnabled=true, locationContextEnabled=true, browserName=firefox, takesScreenshot=true, javascriptEnabled=true, cssSelectorsEnabled=true}]
Session ID: 5d9cc15f-e61c-407e-8bdd-17712309675c]]>
    </line>
    <line>
      <![CDATA[Gmail :: App Logout () ::  Logout Successfull...]]>
    </line>
    <line>
      <![CDATA[Logout Image - having xpath '//span[@class='gb_Za gbii']'  click failed  - org.openqa.selenium.NoSuchElementException: Unable to locate element: {"method":"xpath","selector":"//span[@class='gb_Za gbii']"}
Command duration or timeout: 10.11 seconds
For documentation on this error, please visit: http://seleniumhq.org/exceptions/no_such_element.html
Build info: version: '2.48.0', revision: 'b7b081a4f1289f17e8ecd38bc67e137c2a12e34a', time: '2015-10-07 09:50:14'
System info: host: 'Newt-Rnt09', ip: '192.168.1.43', os.name: 'Windows 7', os.arch: 'amd64', os.version: '6.1', java.version: '1.8.0_65'
Driver info: org.openqa.selenium.firefox.FirefoxDriver
Capabilities [{applicationCacheEnabled=true, rotatable=false, handlesAlerts=true, databaseEnabled=true, version=44.0, platform=WINDOWS, nativeEvents=false, acceptSslCerts=true, webStorageEnabled=true, locationContextEnabled=true, browserName=firefox, takesScreenshot=true, javascriptEnabled=true, cssSelectorsEnabled=true}]
Session ID: e84fa0c8-6713-407b-b24d-563b13c51d11
*** Element info: {Using=xpath, value=//span[@class='gb_Za gbii']}]]>
    </line>
    <line>
      <![CDATA[Sign Out Button - having xpath '//a[text()='Sign out']'  click failed  - org.openqa.selenium.ElementNotVisibleException: Element is not currently visible and so may not be interacted with
Command duration or timeout: 10.10 seconds
Build info: version: '2.48.0', revision: 'b7b081a4f1289f17e8ecd38bc67e137c2a12e34a', time: '2015-10-07 09:50:14'
System info: host: 'Newt-Rnt09', ip: '192.168.1.43', os.name: 'Windows 7', os.arch: 'amd64', os.version: '6.1', java.version: '1.8.0_65'
Driver info: org.openqa.selenium.firefox.FirefoxDriver
Capabilities [{applicationCacheEnabled=true, rotatable=false, handlesAlerts=true, databaseEnabled=true, version=44.0, platform=WINDOWS, nativeEvents=false, acceptSslCerts=true, webStorageEnabled=true, locationContextEnabled=true, browserName=firefox, takesScreenshot=true, javascriptEnabled=true, cssSelectorsEnabled=true}]
Session ID: 85204a9c-b055-47ff-b365-b7fa25d76371]]>
    </line>
    <line>
      <![CDATA[Gmail :: App Logout () ::  Logout Successfull...]]>
    </line>
    <line>
      <![CDATA[Sign Out Button - having xpath '//a[text()='Sign out']'  click failed  - org.openqa.selenium.ElementNotVisibleException: Element is not currently visible and so may not be interacted with
Command duration or timeout: 10.04 seconds
Build info: version: '2.48.0', revision: 'b7b081a4f1289f17e8ecd38bc67e137c2a12e34a', time: '2015-10-07 09:50:14'
System info: host: 'Newt-Rnt09', ip: '192.168.1.43', os.name: 'Windows 7', os.arch: 'amd64', os.version: '6.1', java.version: '1.8.0_65'
Driver info: org.openqa.selenium.firefox.FirefoxDriver
Capabilities [{applicationCacheEnabled=true, rotatable=false, handlesAlerts=true, databaseEnabled=true, version=44.0, platform=WINDOWS, nativeEvents=false, acceptSslCerts=true, webStorageEnabled=true, locationContextEnabled=true, browserName=firefox, takesScreenshot=true, javascriptEnabled=true, cssSelectorsEnabled=true}]
Session ID: e84fa0c8-6713-407b-b24d-563b13c51d11]]>
    </line>
    <line>
      <![CDATA[Gmail :: App Logout () ::  Logout Successfull...]]>
    </line>
    <line>
      <![CDATA[Logout Image - having xpath '//span[@class='gb_Za gbii']'  click failed  - org.openqa.selenium.NoSuchElementException: Unable to locate element: {"method":"xpath","selector":"//span[@class='gb_Za gbii']"}
Command duration or timeout: 10.20 seconds
For documentation on this error, please visit: http://seleniumhq.org/exceptions/no_such_element.html
Build info: version: '2.48.0', revision: 'b7b081a4f1289f17e8ecd38bc67e137c2a12e34a', time: '2015-10-07 09:50:14'
System info: host: 'Newt-Rnt09', ip: '192.168.1.43', os.name: 'Windows 7', os.arch: 'amd64', os.version: '6.1', java.version: '1.8.0_65'
Driver info: org.openqa.selenium.firefox.FirefoxDriver
Capabilities [{applicationCacheEnabled=true, rotatable=false, handlesAlerts=true, databaseEnabled=true, version=44.0, platform=WINDOWS, nativeEvents=false, acceptSslCerts=true, webStorageEnabled=true, locationContextEnabled=true, browserName=firefox, takesScreenshot=true, javascriptEnabled=true, cssSelectorsEnabled=true}]
Session ID: def05d39-17e0-42b6-9c76-de54169f2d5c
*** Element info: {Using=xpath, value=//span[@class='gb_Za gbii']}]]>
    </line>
    <line>
      <![CDATA[Sign Out Button - having xpath '//a[text()='Sign out']'  click failed  - org.openqa.selenium.ElementNotVisibleException: Element is not currently visible and so may not be interacted with
Command duration or timeout: 10.07 seconds
Build info: version: '2.48.0', revision: 'b7b081a4f1289f17e8ecd38bc67e137c2a12e34a', time: '2015-10-07 09:50:14'
System info: host: 'Newt-Rnt09', ip: '192.168.1.43', os.name: 'Windows 7', os.arch: 'amd64', os.version: '6.1', java.version: '1.8.0_65'
Driver info: org.openqa.selenium.firefox.FirefoxDriver
Capabilities [{applicationCacheEnabled=true, rotatable=false, handlesAlerts=true, databaseEnabled=true, version=44.0, platform=WINDOWS, nativeEvents=false, acceptSslCerts=true, webStorageEnabled=true, locationContextEnabled=true, browserName=firefox, takesScreenshot=true, javascriptEnabled=true, cssSelectorsEnabled=true}]
Session ID: def05d39-17e0-42b6-9c76-de54169f2d5c]]>
    </line>
    <line>
      <![CDATA[Gmail :: App Logout () ::  Logout Successfull...]]>
    </line>
  </reporter-output>
  <suite name="Suite" duration-ms="109167" started-at="2016-03-28T10:19:30Z" finished-at="2016-03-28T10:21:20Z">
    <groups>
    </groups>
    <test name="TC_05" duration-ms="63505" started-at="2016-03-28T10:19:30Z" finished-at="2016-03-28T10:20:34Z">
      <class name="com.newt.selenium.modules.GmailLoginFivetest">
        <test-method status="PASS" signature="beforeMethod()[pri:0, instance:com.newt.selenium.modules.GmailLoginFivetest@1b083826]" name="beforeMethod" is-config="true" duration-ms="22" started-at="2016-03-28T15:49:30Z" finished-at="2016-03-28T15:49:30Z">
          <reporter-output>
          </reporter-output>
        </test-method> <!-- beforeMethod -->
        <test-method status="PASS" signature="DO()[pri:0, instance:com.newt.selenium.modules.GmailLoginFivetest@1b083826]" name="DO" duration-ms="33927" started-at="2016-03-28T15:49:30Z" finished-at="2016-03-28T15:50:04Z">
          <reporter-output>
            <line>
              <![CDATA[Gmail :: URL launch successfull...]]>
            </line>
            <line>
              <![CDATA[Going to log in into the application]]>
            </line>
            <line>
              <![CDATA[Data  'newtdemo' entered sucessfully in the edit box]]>
            </line>
            <line>
              <![CDATA[Data  'Newtglobal@123' entered sucessfully in the edit box]]>
            </line>
          </reporter-output>
        </test-method> <!-- DO -->
        <test-method status="PASS" signature="afterMethod()[pri:0, instance:com.newt.selenium.modules.GmailLoginFivetest@1b083826]" name="afterMethod" is-config="true" duration-ms="29541" started-at="2016-03-28T15:50:04Z" finished-at="2016-03-28T15:50:34Z">
          <reporter-output>
            <line>
              <![CDATA[Logout Image - having xpath '//span[@class='gb_Za gbii']'  click failed  - org.openqa.selenium.NoSuchElementException: Unable to locate element: {"method":"xpath","selector":"//span[@class='gb_Za gbii']"}
Command duration or timeout: 10.69 seconds
For documentation on this error, please visit: http://seleniumhq.org/exceptions/no_such_element.html
Build info: version: '2.48.0', revision: 'b7b081a4f1289f17e8ecd38bc67e137c2a12e34a', time: '2015-10-07 09:50:14'
System info: host: 'Newt-Rnt09', ip: '192.168.1.43', os.name: 'Windows 7', os.arch: 'amd64', os.version: '6.1', java.version: '1.8.0_65'
Driver info: org.openqa.selenium.firefox.FirefoxDriver
Capabilities [{applicationCacheEnabled=true, rotatable=false, handlesAlerts=true, databaseEnabled=true, version=44.0, platform=WINDOWS, nativeEvents=false, acceptSslCerts=true, webStorageEnabled=true, locationContextEnabled=true, browserName=firefox, takesScreenshot=true, javascriptEnabled=true, cssSelectorsEnabled=true}]
Session ID: 2ce89f86-2a43-4a78-aaf8-c9759bcee757
*** Element info: {Using=xpath, value=//span[@class='gb_Za gbii']}]]>
            </line>
            <line>
              <![CDATA[Sign Out Button - having xpath '//a[text()='Sign out']'  click failed  - org.openqa.selenium.ElementNotVisibleException: Element is not currently visible and so may not be interacted with
Command duration or timeout: 10.06 seconds
Build info: version: '2.48.0', revision: 'b7b081a4f1289f17e8ecd38bc67e137c2a12e34a', time: '2015-10-07 09:50:14'
System info: host: 'Newt-Rnt09', ip: '192.168.1.43', os.name: 'Windows 7', os.arch: 'amd64', os.version: '6.1', java.version: '1.8.0_65'
Driver info: org.openqa.selenium.firefox.FirefoxDriver
Capabilities [{applicationCacheEnabled=true, rotatable=false, handlesAlerts=true, databaseEnabled=true, version=44.0, platform=WINDOWS, nativeEvents=false, acceptSslCerts=true, webStorageEnabled=true, locationContextEnabled=true, browserName=firefox, takesScreenshot=true, javascriptEnabled=true, cssSelectorsEnabled=true}]
Session ID: 2ce89f86-2a43-4a78-aaf8-c9759bcee757]]>
            </line>
            <line>
              <![CDATA[Gmail :: App Logout () ::  Logout Successfull...]]>
            </line>
          </reporter-output>
        </test-method> <!-- afterMethod -->
      </class> <!-- com.newt.selenium.modules.GmailLoginFivetest -->
    </test> <!-- TC_05 -->
    <test name="TC_03" duration-ms="77857" started-at="2016-03-28T10:19:30Z" finished-at="2016-03-28T10:20:48Z">
      <class name="com.newt.selenium.modules.GmailLoginThreetest">
        <test-method status="PASS" signature="beforeMethod()[pri:0, instance:com.newt.selenium.modules.GmailLoginThreetest@52aa2946]" name="beforeMethod" is-config="true" duration-ms="24" started-at="2016-03-28T15:49:30Z" finished-at="2016-03-28T15:49:30Z">
          <reporter-output>
          </reporter-output>
        </test-method> <!-- beforeMethod -->
        <test-method status="PASS" signature="DO()[pri:0, instance:com.newt.selenium.modules.GmailLoginThreetest@52aa2946]" name="DO" duration-ms="52044" started-at="2016-03-28T15:49:30Z" finished-at="2016-03-28T15:50:22Z">
          <reporter-output>
            <line>
              <![CDATA[Gmail :: URL launch successfull...]]>
            </line>
            <line>
              <![CDATA[Going to log in into the application]]>
            </line>
            <line>
              <![CDATA[Data  'newtdemo' entered sucessfully in the edit box]]>
            </line>
            <line>
              <![CDATA[Data  'Newtglobal@123' entered sucessfully in the edit box]]>
            </line>
          </reporter-output>
        </test-method> <!-- DO -->
        <test-method status="PASS" signature="afterMethod()[pri:0, instance:com.newt.selenium.modules.GmailLoginThreetest@52aa2946]" name="afterMethod" is-config="true" duration-ms="25776" started-at="2016-03-28T15:50:22Z" finished-at="2016-03-28T15:50:48Z">
          <reporter-output>
            <line>
              <![CDATA[Logout Image - having xpath '//span[@class='gb_Za gbii']'  click failed  - org.openqa.selenium.NoSuchElementException: Unable to locate element: {"method":"xpath","selector":"//span[@class='gb_Za gbii']"}
Command duration or timeout: 10.93 seconds
For documentation on this error, please visit: http://seleniumhq.org/exceptions/no_such_element.html
Build info: version: '2.48.0', revision: 'b7b081a4f1289f17e8ecd38bc67e137c2a12e34a', time: '2015-10-07 09:50:14'
System info: host: 'Newt-Rnt09', ip: '192.168.1.43', os.name: 'Windows 7', os.arch: 'amd64', os.version: '6.1', java.version: '1.8.0_65'
Driver info: org.openqa.selenium.firefox.FirefoxDriver
Capabilities [{applicationCacheEnabled=true, rotatable=false, handlesAlerts=true, databaseEnabled=true, version=44.0, platform=WINDOWS, nativeEvents=false, acceptSslCerts=true, webStorageEnabled=true, locationContextEnabled=true, browserName=firefox, takesScreenshot=true, javascriptEnabled=true, cssSelectorsEnabled=true}]
Session ID: 5d9cc15f-e61c-407e-8bdd-17712309675c
*** Element info: {Using=xpath, value=//span[@class='gb_Za gbii']}]]>
            </line>
            <line>
              <![CDATA[Sign Out Button - having xpath '//a[text()='Sign out']'  click failed  - org.openqa.selenium.ElementNotVisibleException: Element is not currently visible and so may not be interacted with
Command duration or timeout: 10.10 seconds
Build info: version: '2.48.0', revision: 'b7b081a4f1289f17e8ecd38bc67e137c2a12e34a', time: '2015-10-07 09:50:14'
System info: host: 'Newt-Rnt09', ip: '192.168.1.43', os.name: 'Windows 7', os.arch: 'amd64', os.version: '6.1', java.version: '1.8.0_65'
Driver info: org.openqa.selenium.firefox.FirefoxDriver
Capabilities [{applicationCacheEnabled=true, rotatable=false, handlesAlerts=true, databaseEnabled=true, version=44.0, platform=WINDOWS, nativeEvents=false, acceptSslCerts=true, webStorageEnabled=true, locationContextEnabled=true, browserName=firefox, takesScreenshot=true, javascriptEnabled=true, cssSelectorsEnabled=true}]
Session ID: 5d9cc15f-e61c-407e-8bdd-17712309675c]]>
            </line>
            <line>
              <![CDATA[Gmail :: App Logout () ::  Logout Successfull...]]>
            </line>
          </reporter-output>
        </test-method> <!-- afterMethod -->
      </class> <!-- com.newt.selenium.modules.GmailLoginThreetest -->
    </test> <!-- TC_03 -->
    <test name="TC_02" duration-ms="87776" started-at="2016-03-28T10:19:30Z" finished-at="2016-03-28T10:20:58Z">
      <class name="com.newt.selenium.modules.GmailLoginTwotest">
        <test-method status="PASS" signature="beforeMethod()[pri:0, instance:com.newt.selenium.modules.GmailLoginTwotest@57d5872c]" name="beforeMethod" is-config="true" duration-ms="26" started-at="2016-03-28T15:49:30Z" finished-at="2016-03-28T15:49:30Z">
          <reporter-output>
          </reporter-output>
        </test-method> <!-- beforeMethod -->
        <test-method status="PASS" signature="DO()[pri:0, instance:com.newt.selenium.modules.GmailLoginTwotest@57d5872c]" name="DO" duration-ms="61800" started-at="2016-03-28T15:49:30Z" finished-at="2016-03-28T15:50:32Z">
          <reporter-output>
            <line>
              <![CDATA[Gmail :: URL launch successfull...]]>
            </line>
            <line>
              <![CDATA[Going to log in into the application]]>
            </line>
            <line>
              <![CDATA[Data  'newtdemo' entered sucessfully in the edit box]]>
            </line>
            <line>
              <![CDATA[Data  'Newtglobal@123' entered sucessfully in the edit box]]>
            </line>
          </reporter-output>
        </test-method> <!-- DO -->
        <test-method status="PASS" signature="afterMethod()[pri:0, instance:com.newt.selenium.modules.GmailLoginTwotest@57d5872c]" name="afterMethod" is-config="true" duration-ms="25937" started-at="2016-03-28T15:50:32Z" finished-at="2016-03-28T15:50:58Z">
          <reporter-output>
            <line>
              <![CDATA[Logout Image - having xpath '//span[@class='gb_Za gbii']'  click failed  - org.openqa.selenium.NoSuchElementException: Unable to locate element: {"method":"xpath","selector":"//span[@class='gb_Za gbii']"}
Command duration or timeout: 11.08 seconds
For documentation on this error, please visit: http://seleniumhq.org/exceptions/no_such_element.html
Build info: version: '2.48.0', revision: 'b7b081a4f1289f17e8ecd38bc67e137c2a12e34a', time: '2015-10-07 09:50:14'
System info: host: 'Newt-Rnt09', ip: '192.168.1.43', os.name: 'Windows 7', os.arch: 'amd64', os.version: '6.1', java.version: '1.8.0_65'
Driver info: org.openqa.selenium.firefox.FirefoxDriver
Capabilities [{applicationCacheEnabled=true, rotatable=false, handlesAlerts=true, databaseEnabled=true, version=44.0, platform=WINDOWS, nativeEvents=false, acceptSslCerts=true, webStorageEnabled=true, locationContextEnabled=true, browserName=firefox, takesScreenshot=true, javascriptEnabled=true, cssSelectorsEnabled=true}]
Session ID: 85204a9c-b055-47ff-b365-b7fa25d76371
*** Element info: {Using=xpath, value=//span[@class='gb_Za gbii']}]]>
            </line>
            <line>
              <![CDATA[Sign Out Button - having xpath '//a[text()='Sign out']'  click failed  - org.openqa.selenium.ElementNotVisibleException: Element is not currently visible and so may not be interacted with
Command duration or timeout: 10.10 seconds
Build info: version: '2.48.0', revision: 'b7b081a4f1289f17e8ecd38bc67e137c2a12e34a', time: '2015-10-07 09:50:14'
System info: host: 'Newt-Rnt09', ip: '192.168.1.43', os.name: 'Windows 7', os.arch: 'amd64', os.version: '6.1', java.version: '1.8.0_65'
Driver info: org.openqa.selenium.firefox.FirefoxDriver
Capabilities [{applicationCacheEnabled=true, rotatable=false, handlesAlerts=true, databaseEnabled=true, version=44.0, platform=WINDOWS, nativeEvents=false, acceptSslCerts=true, webStorageEnabled=true, locationContextEnabled=true, browserName=firefox, takesScreenshot=true, javascriptEnabled=true, cssSelectorsEnabled=true}]
Session ID: 85204a9c-b055-47ff-b365-b7fa25d76371]]>
            </line>
            <line>
              <![CDATA[Gmail :: App Logout () ::  Logout Successfull...]]>
            </line>
          </reporter-output>
        </test-method> <!-- afterMethod -->
      </class> <!-- com.newt.selenium.modules.GmailLoginTwotest -->
    </test> <!-- TC_02 -->
    <test name="TC_01" duration-ms="93282" started-at="2016-03-28T10:19:30Z" finished-at="2016-03-28T10:21:04Z">
      <class name="com.newt.selenium.modules.GmailLoginOnetest">
        <test-method status="PASS" signature="beforeMethod()[pri:0, instance:com.newt.selenium.modules.GmailLoginOnetest@51b7e5df]" name="beforeMethod" is-config="true" duration-ms="26" started-at="2016-03-28T15:49:30Z" finished-at="2016-03-28T15:49:30Z">
          <reporter-output>
          </reporter-output>
        </test-method> <!-- beforeMethod -->
        <test-method status="PASS" signature="DO()[pri:0, instance:com.newt.selenium.modules.GmailLoginOnetest@51b7e5df]" name="DO" duration-ms="68185" started-at="2016-03-28T15:49:30Z" finished-at="2016-03-28T15:50:39Z">
          <reporter-output>
            <line>
              <![CDATA[Gmail :: URL launch successfull...]]>
            </line>
            <line>
              <![CDATA[Going to log in into the application]]>
            </line>
            <line>
              <![CDATA[Data  'newtdemo' entered sucessfully in the edit box]]>
            </line>
            <line>
              <![CDATA[Data  'Newtglobal@123' entered sucessfully in the edit box]]>
            </line>
          </reporter-output>
        </test-method> <!-- DO -->
        <test-method status="PASS" signature="afterMethod()[pri:0, instance:com.newt.selenium.modules.GmailLoginOnetest@51b7e5df]" name="afterMethod" is-config="true" duration-ms="25057" started-at="2016-03-28T15:50:39Z" finished-at="2016-03-28T15:51:04Z">
          <reporter-output>
            <line>
              <![CDATA[Logout Image - having xpath '//span[@class='gb_Za gbii']'  click failed  - org.openqa.selenium.NoSuchElementException: Unable to locate element: {"method":"xpath","selector":"//span[@class='gb_Za gbii']"}
Command duration or timeout: 10.11 seconds
For documentation on this error, please visit: http://seleniumhq.org/exceptions/no_such_element.html
Build info: version: '2.48.0', revision: 'b7b081a4f1289f17e8ecd38bc67e137c2a12e34a', time: '2015-10-07 09:50:14'
System info: host: 'Newt-Rnt09', ip: '192.168.1.43', os.name: 'Windows 7', os.arch: 'amd64', os.version: '6.1', java.version: '1.8.0_65'
Driver info: org.openqa.selenium.firefox.FirefoxDriver
Capabilities [{applicationCacheEnabled=true, rotatable=false, handlesAlerts=true, databaseEnabled=true, version=44.0, platform=WINDOWS, nativeEvents=false, acceptSslCerts=true, webStorageEnabled=true, locationContextEnabled=true, browserName=firefox, takesScreenshot=true, javascriptEnabled=true, cssSelectorsEnabled=true}]
Session ID: e84fa0c8-6713-407b-b24d-563b13c51d11
*** Element info: {Using=xpath, value=//span[@class='gb_Za gbii']}]]>
            </line>
            <line>
              <![CDATA[Sign Out Button - having xpath '//a[text()='Sign out']'  click failed  - org.openqa.selenium.ElementNotVisibleException: Element is not currently visible and so may not be interacted with
Command duration or timeout: 10.04 seconds
Build info: version: '2.48.0', revision: 'b7b081a4f1289f17e8ecd38bc67e137c2a12e34a', time: '2015-10-07 09:50:14'
System info: host: 'Newt-Rnt09', ip: '192.168.1.43', os.name: 'Windows 7', os.arch: 'amd64', os.version: '6.1', java.version: '1.8.0_65'
Driver info: org.openqa.selenium.firefox.FirefoxDriver
Capabilities [{applicationCacheEnabled=true, rotatable=false, handlesAlerts=true, databaseEnabled=true, version=44.0, platform=WINDOWS, nativeEvents=false, acceptSslCerts=true, webStorageEnabled=true, locationContextEnabled=true, browserName=firefox, takesScreenshot=true, javascriptEnabled=true, cssSelectorsEnabled=true}]
Session ID: e84fa0c8-6713-407b-b24d-563b13c51d11]]>
            </line>
            <line>
              <![CDATA[Gmail :: App Logout () ::  Logout Successfull...]]>
            </line>
          </reporter-output>
        </test-method> <!-- afterMethod -->
      </class> <!-- com.newt.selenium.modules.GmailLoginOnetest -->
    </test> <!-- TC_01 -->
    <test name="TC_04" duration-ms="109165" started-at="2016-03-28T10:19:30Z" finished-at="2016-03-28T10:21:20Z">
      <class name="com.newt.selenium.modules.GmailLoginFourtest">
        <test-method status="PASS" signature="beforeMethod()[pri:0, instance:com.newt.selenium.modules.GmailLoginFourtest@45f45fa1]" name="beforeMethod" is-config="true" duration-ms="19" started-at="2016-03-28T15:49:30Z" finished-at="2016-03-28T15:49:30Z">
          <reporter-output>
          </reporter-output>
        </test-method> <!-- beforeMethod -->
        <test-method status="PASS" signature="DO()[pri:0, instance:com.newt.selenium.modules.GmailLoginFourtest@45f45fa1]" name="DO" duration-ms="85040" started-at="2016-03-28T15:49:30Z" finished-at="2016-03-28T15:50:55Z">
          <reporter-output>
            <line>
              <![CDATA[Gmail :: URL launch successfull...]]>
            </line>
            <line>
              <![CDATA[Going to log in into the application]]>
            </line>
            <line>
              <![CDATA[Data  'newtdemo' entered sucessfully in the edit box]]>
            </line>
            <line>
              <![CDATA[Data  'Newtglobal@123' entered sucessfully in the edit box]]>
            </line>
          </reporter-output>
        </test-method> <!-- DO -->
        <test-method status="PASS" signature="afterMethod()[pri:0, instance:com.newt.selenium.modules.GmailLoginFourtest@45f45fa1]" name="afterMethod" is-config="true" duration-ms="24095" started-at="2016-03-28T15:50:55Z" finished-at="2016-03-28T15:51:20Z">
          <reporter-output>
            <line>
              <![CDATA[Logout Image - having xpath '//span[@class='gb_Za gbii']'  click failed  - org.openqa.selenium.NoSuchElementException: Unable to locate element: {"method":"xpath","selector":"//span[@class='gb_Za gbii']"}
Command duration or timeout: 10.20 seconds
For documentation on this error, please visit: http://seleniumhq.org/exceptions/no_such_element.html
Build info: version: '2.48.0', revision: 'b7b081a4f1289f17e8ecd38bc67e137c2a12e34a', time: '2015-10-07 09:50:14'
System info: host: 'Newt-Rnt09', ip: '192.168.1.43', os.name: 'Windows 7', os.arch: 'amd64', os.version: '6.1', java.version: '1.8.0_65'
Driver info: org.openqa.selenium.firefox.FirefoxDriver
Capabilities [{applicationCacheEnabled=true, rotatable=false, handlesAlerts=true, databaseEnabled=true, version=44.0, platform=WINDOWS, nativeEvents=false, acceptSslCerts=true, webStorageEnabled=true, locationContextEnabled=true, browserName=firefox, takesScreenshot=true, javascriptEnabled=true, cssSelectorsEnabled=true}]
Session ID: def05d39-17e0-42b6-9c76-de54169f2d5c
*** Element info: {Using=xpath, value=//span[@class='gb_Za gbii']}]]>
            </line>
            <line>
              <![CDATA[Sign Out Button - having xpath '//a[text()='Sign out']'  click failed  - org.openqa.selenium.ElementNotVisibleException: Element is not currently visible and so may not be interacted with
Command duration or timeout: 10.07 seconds
Build info: version: '2.48.0', revision: 'b7b081a4f1289f17e8ecd38bc67e137c2a12e34a', time: '2015-10-07 09:50:14'
System info: host: 'Newt-Rnt09', ip: '192.168.1.43', os.name: 'Windows 7', os.arch: 'amd64', os.version: '6.1', java.version: '1.8.0_65'
Driver info: org.openqa.selenium.firefox.FirefoxDriver
Capabilities [{applicationCacheEnabled=true, rotatable=false, handlesAlerts=true, databaseEnabled=true, version=44.0, platform=WINDOWS, nativeEvents=false, acceptSslCerts=true, webStorageEnabled=true, locationContextEnabled=true, browserName=firefox, takesScreenshot=true, javascriptEnabled=true, cssSelectorsEnabled=true}]
Session ID: def05d39-17e0-42b6-9c76-de54169f2d5c]]>
            </line>
            <line>
              <![CDATA[Gmail :: App Logout () ::  Logout Successfull...]]>
            </line>
          </reporter-output>
        </test-method> <!-- afterMethod -->
      </class> <!-- com.newt.selenium.modules.GmailLoginFourtest -->
    </test> <!-- TC_04 -->
  </suite> <!-- Suite -->
</testng-results>
